Exception return from AArch64 EL2 to AArch64 EL1 PC 0x80040
Taking exception 11 [Hypervisor Call]
...from EL1 to EL2
...with ESR 0x16/0x5a000000
...with ELR 0x81618
...to EL2 PC 0x81c00 PSTATE 0x3c9
Exception return from AArch64 EL2 to AArch64 EL1 PC 0x81618
Taking exception 5 [IRQ]
...from EL1 to EL1
...with ESR 0x16/0x5a000000
...with ELR 0x80938
...to EL1 PC 0x82a80 PSTATE 0x3c5
Exception return from AArch64 EL1 to AArch64 EL1 PC 0x80938
Taking exception 5 [IRQ]
...from EL1 to EL1
...with ESR 0x16/0x5a000000
...with ELR 0x80938
...to EL1 PC 0x82a80 PSTATE 0x3c5
Exception return from AArch64 EL1 to AArch64 EL1 PC 0x80938
Taking exception 5 [IRQ]
...from EL1 to EL1
...with ESR 0x16/0x5a000000
...with ELR 0x80938
...to EL1 PC 0x82a80 PSTATE 0x3c5
Exception return from AArch64 EL1 to AArch64 EL1 PC 0x80938
Taking exception 5 [IRQ]
...from EL1 to EL1
...with ESR 0x16/0x5a000000
...with ELR 0x80938
...to EL1 PC 0x82a80 PSTATE 0x3c5
Exception return from AArch64 EL1 to AArch64 EL1 PC 0x80938
Taking exception 5 [IRQ]
...from EL1 to EL1
...with ESR 0x16/0x5a000000
...with ELR 0x80938
...to EL1 PC 0x82a80 PSTATE 0x3c5
Exception return from AArch64 EL1 to AArch64 EL1 PC 0x80938
